<?xml version="1.0" encoding="UTF-8"?>
<!-- Generated by org.testng.reporters.JUnitXMLReporter -->
<testsuite hostname="DESKTOP-TLU6D0U" failures="1" tests="1" name="APITests" time="5.128" errors="0" timestamp="2 May 2024 10:14:18 GMT">
  <testcase classname="api.test.weatherTests2" name="currentWeatherSpecificCity" time="4.762">
    <failure type="org.json.JSONException" message="JavaBean object contains recursively defined member variable of key &amp;quot;body&amp;quot;">
      <![CDATA[org.json.JSONException: JavaBean object contains recursively defined member variable of key "body"
	at org.json.JSONObject.recursivelyDefinedObjectException(JSONObject.java:2960)
	at org.json.JSONObject.populateMap(JSONObject.java:1757)
	at org.json.JSONObject.<init>(JSONObject.java:388)
	at org.json.JSONObject.wrap(JSONObject.java:2738)
	at org.json.JSONObject.wrap(JSONObject.java:2699)
	at org.json.JSONObject.populateMap(JSONObject.java:1763)
	at org.json.JSONObject.populateMap(JSONObject.java:1729)
	at org.json.JSONObject.<init>(JSONObject.java:383)
	at api.test.weatherTests2.currentWeatherSpecificCity(weatherTests2.java:26)
... Removed 24 stack frames]]>
    </failure>
  </testcase> <!-- currentWeatherSpecificCity -->
</testsuite> <!-- APITests -->
