<?xml version="1.0" encoding="UTF-8"?>
<testng-results total="1" passed="1" failed="0" skipped="0">
  <reporter-output>
  </reporter-output>
  <suite started-at="2024-05-02T10:42:25Z" name="Default suite" finished-at="2024-05-02T10:42:32Z" duration-ms="7050">
    <groups>
    </groups>
    <test started-at="2024-05-02T10:42:25Z" name="Default test" finished-at="2024-05-02T10:42:32Z" duration-ms="7050">
      <class name="api.test.weatherTests2">
        <test-method signature="currentWeatherSpecificCity()[pri:0, instance:api.test.weatherTests2@8519cb4]" started-at="2024-05-02T16:12:25Z" name="currentWeatherSpecificCity" finished-at="2024-05-02T16:12:32Z" duration-ms="7023" status="PASS">
          <reporter-output>
          </reporter-output>
        </test-method> <!-- currentWeatherSpecificCity -->
      </class> <!-- api.test.weatherTests2 -->
    </test> <!-- Default test -->
  </suite> <!-- Default suite -->
</testng-results>
